------------------|---------|---------|---------|---------|
File              | % Stmts | % Brchs | % Funcs | % Lines |
------------------|---------|---------|---------|---------|
All files         |   98.94 |   98.84 |   97.62 |   98.94 |
node-apidoc-lite/ |   98.94 |   98.84 |   97.62 |   98.94 |
  example.js      |     100 |     100 |     100 |     100 |
  lib.apidoc.js   |   98.41 |   98.23 |   96.51 |   98.41 |
  test.js         |     100 |     100 |     100 |     100 |
------------------|---------|---------|---------|---------|
