------------------|---------|---------|---------|---------|
File              | % Stmts | % Brchs | % Funcs | % Lines |
------------------|---------|---------|---------|---------|
All files         |   99.13 |   99.05 |   97.62 |   99.13 |
node-apidoc-lite/ |   99.13 |   99.05 |   97.62 |   99.13 |
  example.js      |     100 |     100 |     100 |     100 |
  lib.apidoc.js   |   98.66 |   98.56 |   96.51 |   98.66 |
  test.js         |     100 |     100 |     100 |     100 |
------------------|---------|---------|---------|---------|
