{
    "/home/travis/build/kaizhu256/node-apidoc-lite/test.js": {
        "path": "/home/travis/build/kaizhu256/node-apidoc-lite/test.js",
        "s": {
            "1": 2,
            "2": 2,
            "3": 2,
            "4": 2,
            "5": 0,
            "6": 0,
            "7": 0,
            "8": 0,
            "9": 0,
            "10": 0,
            "11": 2,
            "12": 2,
            "13": 2,
            "14": 2,
            "15": 2,
            "16": 2,
            "17": 0,
            "18": 0,
            "19": 0,
            "20": 0,
            "21": 0,
            "22": 0,
            "23": 0,
            "24": 0,
            "25": 0,
            "26": 0,
            "27": 0,
            "28": 0,
            "29": 0,
            "30": 0,
            "31": 0,
            "32": 2,
            "33": 0,
            "34": 0,
            "35": 0,
            "36": 2,
            "37": 0,
            "38": 0,
            "39": 0,
            "40": 0,
            "41": 0,
            "42": 0,
            "43": 0,
            "44": 0,
            "45": 0,
            "46": 2,
            "47": 0,
            "48": 2,
            "49": 0,
            "50": 2,
            "51": 0,
            "52": 0,
            "53": 0,
            "54": 0,
            "55": 0,
            "56": 0,
            "57": 0,
            "58": 0,
            "59": 0,
            "60": 0,
            "61": 0,
            "62": 0,
            "63": 2,
            "64": 0,
            "65": 0,
            "66": 2,
            "67": 0,
            "68": 0,
            "69": 0,
            "70": 2,
            "71": 2,
            "72": 2,
            "73": 2,
            "74": 2,
            "75": 2,
            "76": 2,
            "77": 2,
            "78": 2,
            "79": 2,
            "80": 2,
            "81": 1,
            "82": 1,
            "83": 1,
            "84": 1,
            "85": 1,
            "86": 1,
            "87": 1,
            "88": 1,
            "89": 1,
            "90": 1,
            "91": 1,
            "92": 1,
            "93": 1,
            "94": 1,
            "95": 1,
            "96": 1,
            "97": 1,
            "98": 1,
            "99": 1,
            "100": 1,
            "101": 1,
            "102": 2,
            "103": 2,
            "104": 1,
            "105": 1,
            "106": 1,
            "107": 1,
            "108": 1,
            "109": 1,
            "110": 1,
            "111": 1
        },
        "b": {
            "1": [
                0,
                2
            ],
            "2": [
                2,
                1,
                1
            ],
            "3": [
                2,
                1
            ],
            "4": [
                0,
                0
            ],
            "5": [
                0,
                0
            ],
            "6": [
                0,
                0
            ],
            "7": [
                0,
                0
            ],
            "8": [
                0,
                0
            ],
            "9": [
                0,
                0
            ],
            "10": [
                0,
                0,
                0
            ],
            "11": [
                0,
                0
            ],
            "12": [
                0,
                0
            ],
            "13": [
                0,
                0,
                0
            ],
            "14": [
                0,
                0
            ],
            "15": [
                0,
                0,
                0
            ],
            "16": [
                0,
                0
            ],
            "17": [
                0,
                0,
                0,
                0,
                0,
                0,
                0
            ],
            "18": [
                0,
                0
            ],
            "19": [
                0,
                2
            ],
            "20": [
                2,
                1,
                1,
                1
            ],
            "21": [
                2,
                1
            ],
            "22": [
                1,
                1
            ],
            "23": [
                1,
                1
            ]
        },
        "f": {
            "1": 2,
            "2": 0,
            "3": 0,
            "4": 0,
            "5": 0,
            "6": 0,
            "7": 0,
            "8": 0,
            "9": 0,
            "10": 0,
            "11": 0,
            "12": 0,
            "13": 0,
            "14": 0,
            "15": 2,
            "16": 2,
            "17": 2,
            "18": 2,
            "19": 1,
            "20": 2
        },
        "fnMap": {
            "1": {
                "name": "(anonymous_1)",
                "line": 6,
                "loc": {
                    "start": {
                        "line": 6,
                        "column": 1
                    },
                    "end": {
                        "line": 6,
                        "column": 13
                    }
                },
                "skip": true
            },
            "2": {
                "name": "(anonymous_2)",
                "line": 13,
                "loc": {
                    "start": {
                        "line": 13,
                        "column": 33
                    },
                    "end": {
                        "line": 13,
                        "column": 55
                    }
                },
                "skip": true
            },
            "3": {
                "name": "(anonymous_3)",
                "line": 39,
                "loc": {
                    "start": {
                        "line": 39,
                        "column": 28
                    },
                    "end": {
                        "line": 39,
                        "column": 46
                    }
                },
                "skip": true
            },
            "4": {
                "name": "(anonymous_4)",
                "line": 44,
                "loc": {
                    "start": {
                        "line": 44,
                        "column": 39
                    },
                    "end": {
                        "line": 44,
                        "column": 54
                    }
                },
                "skip": true
            },
            "5": {
                "name": "(anonymous_5)",
                "line": 58,
                "loc": {
                    "start": {
                        "line": 58,
                        "column": 44
                    },
                    "end": {
                        "line": 58,
                        "column": 59
                    }
                },
                "skip": true
            },
            "6": {
                "name": "(anonymous_6)",
                "line": 69,
                "loc": {
                    "start": {
                        "line": 69,
                        "column": 26
                    },
                    "end": {
                        "line": 69,
                        "column": 49
                    }
                },
                "skip": true
            },
            "7": {
                "name": "(anonymous_7)",
                "line": 93,
                "loc": {
                    "start": {
                        "line": 93,
                        "column": 21
                    },
                    "end": {
                        "line": 93,
                        "column": 43
                    }
                },
                "skip": true
            },
            "8": {
                "name": "(anonymous_8)",
                "line": 109,
                "loc": {
                    "start": {
                        "line": 109,
                        "column": 21
                    },
                    "end": {
                        "line": 109,
                        "column": 36
                    }
                },
                "skip": true
            },
            "9": {
                "name": "(anonymous_9)",
                "line": 115,
                "loc": {
                    "start": {
                        "line": 115,
                        "column": 16
                    },
                    "end": {
                        "line": 115,
                        "column": 28
                    }
                },
                "skip": true
            },
            "10": {
                "name": "(anonymous_10)",
                "line": 121,
                "loc": {
                    "start": {
                        "line": 121,
                        "column": 32
                    },
                    "end": {
                        "line": 121,
                        "column": 73
                    }
                },
                "skip": true
            },
            "11": {
                "name": "(anonymous_11)",
                "line": 127,
                "loc": {
                    "start": {
                        "line": 127,
                        "column": 18
                    },
                    "end": {
                        "line": 127,
                        "column": 45
                    }
                },
                "skip": true
            },
            "12": {
                "name": "(anonymous_12)",
                "line": 128,
                "loc": {
                    "start": {
                        "line": 128,
                        "column": 40
                    },
                    "end": {
                        "line": 130,
                        "column": 15
                    }
                },
                "skip": true
            },
            "13": {
                "name": "(anonymous_13)",
                "line": 149,
                "loc": {
                    "start": {
                        "line": 149,
                        "column": 25
                    },
                    "end": {
                        "line": 149,
                        "column": 40
                    }
                },
                "skip": true
            },
            "14": {
                "name": "(anonymous_14)",
                "line": 164,
                "loc": {
                    "start": {
                        "line": 164,
                        "column": 41
                    },
                    "end": {
                        "line": 164,
                        "column": 56
                    }
                },
                "skip": true
            },
            "15": {
                "name": "(anonymous_15)",
                "line": 173,
                "loc": {
                    "start": {
                        "line": 173,
                        "column": 1
                    },
                    "end": {
                        "line": 173,
                        "column": 18
                    }
                }
            },
            "16": {
                "name": "(anonymous_16)",
                "line": 179,
                "loc": {
                    "start": {
                        "line": 179,
                        "column": 1
                    },
                    "end": {
                        "line": 179,
                        "column": 13
                    }
                },
                "skip": true
            },
            "17": {
                "name": "(anonymous_17)",
                "line": 190,
                "loc": {
                    "start": {
                        "line": 190,
                        "column": 1
                    },
                    "end": {
                        "line": 190,
                        "column": 13
                    }
                }
            },
            "18": {
                "name": "(anonymous_18)",
                "line": 193,
                "loc": {
                    "start": {
                        "line": 193,
                        "column": 38
                    },
                    "end": {
                        "line": 193,
                        "column": 66
                    }
                }
            },
            "19": {
                "name": "(anonymous_19)",
                "line": 230,
                "loc": {
                    "start": {
                        "line": 230,
                        "column": 35
                    },
                    "end": {
                        "line": 230,
                        "column": 47
                    }
                }
            },
            "20": {
                "name": "(anonymous_20)",
                "line": 275,
                "loc": {
                    "start": {
                        "line": 275,
                        "column": 39
                    },
                    "end": {
                        "line": 275,
                        "column": 63
                    }
                }
            }
        },
        "statementMap": {
            "1": {
                "start": {
                    "line": 6,
                    "column": 0
                },
                "end": {
                    "line": 168,
                    "column": 5
                },
                "skip": true
            },
            "2": {
                "start": {
                    "line": 8,
                    "column": 4
                },
                "end": {
                    "line": 8,
                    "column": 21
                },
                "skip": true
            },
            "3": {
                "start": {
                    "line": 9,
                    "column": 4
                },
                "end": {
                    "line": 9,
                    "column": 14
                },
                "skip": true
            },
            "4": {
                "start": {
                    "line": 11,
                    "column": 4
                },
                "end": {
                    "line": 23,
                    "column": 5
                },
                "skip": true
            },
            "5": {
                "start": {
                    "line": 12,
                    "column": 8
                },
                "end": {
                    "line": 12,
                    "column": 37
                },
                "skip": true
            },
            "6": {
                "start": {
                    "line": 13,
                    "column": 8
                },
                "end": {
                    "line": 22,
                    "column": 10
                },
                "skip": true
            },
            "7": {
                "start": {
                    "line": 18,
                    "column": 12
                },
                "end": {
                    "line": 18,
                    "column": 44
                },
                "skip": true
            },
            "8": {
                "start": {
                    "line": 19,
                    "column": 12
                },
                "end": {
                    "line": 19,
                    "column": 37
                },
                "skip": true
            },
            "9": {
                "start": {
                    "line": 20,
                    "column": 12
                },
                "end": {
                    "line": 20,
                    "column": 31
                },
                "skip": true
            },
            "10": {
                "start": {
                    "line": 21,
                    "column": 12
                },
                "end": {
                    "line": 21,
                    "column": 30
                },
                "skip": true
            },
            "11": {
                "start": {
                    "line": 25,
                    "column": 4
                },
                "end": {
                    "line": 25,
                    "column": 15
                },
                "skip": true
            },
            "12": {
                "start": {
                    "line": 26,
                    "column": 4
                },
                "end": {
                    "line": 26,
                    "column": 24
                },
                "skip": true
            },
            "13": {
                "start": {
                    "line": 27,
                    "column": 4
                },
                "end": {
                    "line": 27,
                    "column": 35
                },
                "skip": true
            },
            "14": {
                "start": {
                    "line": 29,
                    "column": 4
                },
                "end": {
                    "line": 33,
                    "column": 6
                },
                "skip": true
            },
            "15": {
                "start": {
                    "line": 35,
                    "column": 4
                },
                "end": {
                    "line": 37,
                    "column": 6
                },
                "skip": true
            },
            "16": {
                "start": {
                    "line": 39,
                    "column": 4
                },
                "end": {
                    "line": 68,
                    "column": 6
                },
                "skip": true
            },
            "17": {
                "start": {
                    "line": 43,
                    "column": 8
                },
                "end": {
                    "line": 43,
                    "column": 41
                },
                "skip": true
            },
            "18": {
                "start": {
                    "line": 44,
                    "column": 8
                },
                "end": {
                    "line": 62,
                    "column": 10
                },
                "skip": true
            },
            "19": {
                "start": {
                    "line": 48,
                    "column": 12
                },
                "end": {
                    "line": 48,
                    "column": 23
                },
                "skip": true
            },
            "20": {
                "start": {
                    "line": 49,
                    "column": 12
                },
                "end": {
                    "line": 51,
                    "column": 13
                },
                "skip": true
            },
            "21": {
                "start": {
                    "line": 50,
                    "column": 16
                },
                "end": {
                    "line": 50,
                    "column": 27
                },
                "skip": true
            },
            "22": {
                "start": {
                    "line": 53,
                    "column": 12
                },
                "end": {
                    "line": 55,
                    "column": 13
                },
                "skip": true
            },
            "23": {
                "start": {
                    "line": 54,
                    "column": 16
                },
                "end": {
                    "line": 54,
                    "column": 61
                },
                "skip": true
            },
            "24": {
                "start": {
                    "line": 57,
                    "column": 12
                },
                "end": {
                    "line": 57,
                    "column": 24
                },
                "skip": true
            },
            "25": {
                "start": {
                    "line": 58,
                    "column": 12
                },
                "end": {
                    "line": 60,
                    "column": 15
                },
                "skip": true
            },
            "26": {
                "start": {
                    "line": 59,
                    "column": 16
                },
                "end": {
                    "line": 59,
                    "column": 69
                },
                "skip": true
            },
            "27": {
                "start": {
                    "line": 61,
                    "column": 12
                },
                "end": {
                    "line": 61,
                    "column": 26
                },
                "skip": true
            },
            "28": {
                "start": {
                    "line": 63,
                    "column": 8
                },
                "end": {
                    "line": 63,
                    "column": 62
                },
                "skip": true
            },
            "29": {
                "start": {
                    "line": 64,
                    "column": 8
                },
                "end": {
                    "line": 64,
                    "column": 62
                },
                "skip": true
            },
            "30": {
                "start": {
                    "line": 65,
                    "column": 8
                },
                "end": {
                    "line": 67,
                    "column": 9
                },
                "skip": true
            },
            "31": {
                "start": {
                    "line": 66,
                    "column": 12
                },
                "end": {
                    "line": 66,
                    "column": 79
                },
                "skip": true
            },
            "32": {
                "start": {
                    "line": 69,
                    "column": 4
                },
                "end": {
                    "line": 92,
                    "column": 6
                },
                "skip": true
            },
            "33": {
                "start": {
                    "line": 73,
                    "column": 8
                },
                "end": {
                    "line": 75,
                    "column": 9
                },
                "skip": true
            },
            "34": {
                "start": {
                    "line": 74,
                    "column": 12
                },
                "end": {
                    "line": 74,
                    "column": 19
                },
                "skip": true
            },
            "35": {
                "start": {
                    "line": 76,
                    "column": 8
                },
                "end": {
                    "line": 91,
                    "column": 10
                },
                "skip": true
            },
            "36": {
                "start": {
                    "line": 93,
                    "column": 4
                },
                "end": {
                    "line": 108,
                    "column": 6
                },
                "skip": true
            },
            "37": {
                "start": {
                    "line": 97,
                    "column": 8
                },
                "end": {
                    "line": 97,
                    "column": 16
                },
                "skip": true
            },
            "38": {
                "start": {
                    "line": 98,
                    "column": 8
                },
                "end": {
                    "line": 98,
                    "column": 15
                },
                "skip": true
            },
            "39": {
                "start": {
                    "line": 99,
                    "column": 8
                },
                "end": {
                    "line": 99,
                    "column": 15
                },
                "skip": true
            },
            "40": {
                "start": {
                    "line": 100,
                    "column": 8
                },
                "end": {
                    "line": 106,
                    "column": 9
                },
                "skip": true
            },
            "41": {
                "start": {
                    "line": 101,
                    "column": 12
                },
                "end": {
                    "line": 101,
                    "column": 30
                },
                "skip": true
            },
            "42": {
                "start": {
                    "line": 102,
                    "column": 12
                },
                "end": {
                    "line": 104,
                    "column": 13
                },
                "skip": true
            },
            "43": {
                "start": {
                    "line": 103,
                    "column": 16
                },
                "end": {
                    "line": 103,
                    "column": 27
                },
                "skip": true
            },
            "44": {
                "start": {
                    "line": 105,
                    "column": 12
                },
                "end": {
                    "line": 105,
                    "column": 20
                },
                "skip": true
            },
            "45": {
                "start": {
                    "line": 107,
                    "column": 8
                },
                "end": {
                    "line": 107,
                    "column": 19
                },
                "skip": true
            },
            "46": {
                "start": {
                    "line": 109,
                    "column": 4
                },
                "end": {
                    "line": 114,
                    "column": 6
                },
                "skip": true
            },
            "47": {
                "start": {
                    "line": 113,
                    "column": 8
                },
                "end": {
                    "line": 113,
                    "column": 19
                },
                "skip": true
            },
            "48": {
                "start": {
                    "line": 115,
                    "column": 4
                },
                "end": {
                    "line": 120,
                    "column": 6
                },
                "skip": true
            },
            "49": {
                "start": {
                    "line": 119,
                    "column": 8
                },
                "end": {
                    "line": 119,
                    "column": 15
                },
                "skip": true
            },
            "50": {
                "start": {
                    "line": 121,
                    "column": 4
                },
                "end": {
                    "line": 148,
                    "column": 6
                },
                "skip": true
            },
            "51": {
                "start": {
                    "line": 126,
                    "column": 8
                },
                "end": {
                    "line": 126,
                    "column": 20
                },
                "skip": true
            },
            "52": {
                "start": {
                    "line": 127,
                    "column": 8
                },
                "end": {
                    "line": 145,
                    "column": 10
                },
                "skip": true
            },
            "53": {
                "start": {
                    "line": 128,
                    "column": 12
                },
                "end": {
                    "line": 144,
                    "column": 15
                },
                "skip": true
            },
            "54": {
                "start": {
                    "line": 131,
                    "column": 16
                },
                "end": {
                    "line": 131,
                    "column": 23
                },
                "skip": true
            },
            "55": {
                "start": {
                    "line": 132,
                    "column": 16
                },
                "end": {
                    "line": 132,
                    "column": 30
                },
                "skip": true
            },
            "56": {
                "start": {
                    "line": 133,
                    "column": 16
                },
                "end": {
                    "line": 136,
                    "column": 17
                },
                "skip": true
            },
            "57": {
                "start": {
                    "line": 134,
                    "column": 20
                },
                "end": {
                    "line": 134,
                    "column": 34
                },
                "skip": true
            },
            "58": {
                "start": {
                    "line": 135,
                    "column": 20
                },
                "end": {
                    "line": 135,
                    "column": 27
                },
                "skip": true
            },
            "59": {
                "start": {
                    "line": 137,
                    "column": 16
                },
                "end": {
                    "line": 143,
                    "column": 17
                },
                "skip": true
            },
            "60": {
                "start": {
                    "line": 142,
                    "column": 20
                },
                "end": {
                    "line": 142,
                    "column": 47
                },
                "skip": true
            },
            "61": {
                "start": {
                    "line": 146,
                    "column": 8
                },
                "end": {
                    "line": 146,
                    "column": 37
                },
                "skip": true
            },
            "62": {
                "start": {
                    "line": 147,
                    "column": 8
                },
                "end": {
                    "line": 147,
                    "column": 19
                },
                "skip": true
            },
            "63": {
                "start": {
                    "line": 149,
                    "column": 4
                },
                "end": {
                    "line": 156,
                    "column": 6
                },
                "skip": true
            },
            "64": {
                "start": {
                    "line": 153,
                    "column": 8
                },
                "end": {
                    "line": 155,
                    "column": 9
                },
                "skip": true
            },
            "65": {
                "start": {
                    "line": 154,
                    "column": 12
                },
                "end": {
                    "line": 154,
                    "column": 22
                },
                "skip": true
            },
            "66": {
                "start": {
                    "line": 158,
                    "column": 4
                },
                "end": {
                    "line": 167,
                    "column": 5
                },
                "skip": true
            },
            "67": {
                "start": {
                    "line": 163,
                    "column": 8
                },
                "end": {
                    "line": 163,
                    "column": 47
                },
                "skip": true
            },
            "68": {
                "start": {
                    "line": 164,
                    "column": 8
                },
                "end": {
                    "line": 166,
                    "column": 11
                },
                "skip": true
            },
            "69": {
                "start": {
                    "line": 165,
                    "column": 12
                },
                "end": {
                    "line": 165,
                    "column": 22
                },
                "skip": true
            },
            "70": {
                "start": {
                    "line": 173,
                    "column": 0
                },
                "end": {
                    "line": 314,
                    "column": 5
                }
            },
            "71": {
                "start": {
                    "line": 179,
                    "column": 0
                },
                "end": {
                    "line": 186,
                    "column": 5
                },
                "skip": true
            },
            "72": {
                "start": {
                    "line": 181,
                    "column": 0
                },
                "end": {
                    "line": 181,
                    "column": 51
                },
                "skip": true
            },
            "73": {
                "start": {
                    "line": 182,
                    "column": 0
                },
                "end": {
                    "line": 182,
                    "column": 30
                },
                "skip": true
            },
            "74": {
                "start": {
                    "line": 183,
                    "column": 0
                },
                "end": {
                    "line": 183,
                    "column": 25
                },
                "skip": true
            },
            "75": {
                "start": {
                    "line": 185,
                    "column": 0
                },
                "end": {
                    "line": 185,
                    "column": 28
                },
                "skip": true
            },
            "76": {
                "start": {
                    "line": 190,
                    "column": 0
                },
                "end": {
                    "line": 313,
                    "column": 5
                }
            },
            "77": {
                "start": {
                    "line": 191,
                    "column": 0
                },
                "end": {
                    "line": 191,
                    "column": 20
                }
            },
            "78": {
                "start": {
                    "line": 192,
                    "column": 0
                },
                "end": {
                    "line": 192,
                    "column": 40
                }
            },
            "79": {
                "start": {
                    "line": 193,
                    "column": 0
                },
                "end": {
                    "line": 273,
                    "column": 2
                }
            },
            "80": {
                "start": {
                    "line": 197,
                    "column": 4
                },
                "end": {
                    "line": 200,
                    "column": 5
                }
            },
            "81": {
                "start": {
                    "line": 198,
                    "column": 8
                },
                "end": {
                    "line": 198,
                    "column": 31
                }
            },
            "82": {
                "start": {
                    "line": 199,
                    "column": 8
                },
                "end": {
                    "line": 199,
                    "column": 15
                }
            },
            "83": {
                "start": {
                    "line": 201,
                    "column": 4
                },
                "end": {
                    "line": 228,
                    "column": 6
                }
            },
            "84": {
                "start": {
                    "line": 230,
                    "column": 4
                },
                "end": {
                    "line": 232,
                    "column": 6
                }
            },
            "85": {
                "start": {
                    "line": 231,
                    "column": 8
                },
                "end": {
                    "line": 231,
                    "column": 15
                }
            },
            "86": {
                "start": {
                    "line": 233,
                    "column": 4
                },
                "end": {
                    "line": 233,
                    "column": 35
                }
            },
            "87": {
                "start": {
                    "line": 236,
                    "column": 4
                },
                "end": {
                    "line": 239,
                    "column": 7
                }
            },
            "88": {
                "start": {
                    "line": 240,
                    "column": 4
                },
                "end": {
                    "line": 240,
                    "column": 61
                }
            },
            "89": {
                "start": {
                    "line": 241,
                    "column": 4
                },
                "end": {
                    "line": 241,
                    "column": 32
                }
            },
            "90": {
                "start": {
                    "line": 243,
                    "column": 4
                },
                "end": {
                    "line": 243,
                    "column": 54
                }
            },
            "91": {
                "start": {
                    "line": 244,
                    "column": 4
                },
                "end": {
                    "line": 244,
                    "column": 50
                }
            },
            "92": {
                "start": {
                    "line": 245,
                    "column": 4
                },
                "end": {
                    "line": 245,
                    "column": 68
                }
            },
            "93": {
                "start": {
                    "line": 246,
                    "column": 4
                },
                "end": {
                    "line": 246,
                    "column": 71
                }
            },
            "94": {
                "start": {
                    "line": 247,
                    "column": 4
                },
                "end": {
                    "line": 247,
                    "column": 59
                }
            },
            "95": {
                "start": {
                    "line": 249,
                    "column": 4
                },
                "end": {
                    "line": 260,
                    "column": 6
                }
            },
            "96": {
                "start": {
                    "line": 261,
                    "column": 4
                },
                "end": {
                    "line": 261,
                    "column": 32
                }
            },
            "97": {
                "start": {
                    "line": 263,
                    "column": 4
                },
                "end": {
                    "line": 265,
                    "column": 6
                }
            },
            "98": {
                "start": {
                    "line": 266,
                    "column": 4
                },
                "end": {
                    "line": 266,
                    "column": 32
                }
            },
            "99": {
                "start": {
                    "line": 268,
                    "column": 4
                },
                "end": {
                    "line": 270,
                    "column": 6
                }
            },
            "100": {
                "start": {
                    "line": 271,
                    "column": 4
                },
                "end": {
                    "line": 271,
                    "column": 32
                }
            },
            "101": {
                "start": {
                    "line": 272,
                    "column": 4
                },
                "end": {
                    "line": 272,
                    "column": 27
                }
            },
            "102": {
                "start": {
                    "line": 275,
                    "column": 0
                },
                "end": {
                    "line": 312,
                    "column": 2
                }
            },
            "103": {
                "start": {
                    "line": 279,
                    "column": 4
                },
                "end": {
                    "line": 282,
                    "column": 5
                }
            },
            "104": {
                "start": {
                    "line": 280,
                    "column": 8
                },
                "end": {
                    "line": 280,
                    "column": 32
                }
            },
            "105": {
                "start": {
                    "line": 281,
                    "column": 8
                },
                "end": {
                    "line": 281,
                    "column": 15
                }
            },
            "106": {
                "start": {
                    "line": 284,
                    "column": 4
                },
                "end": {
                    "line": 287,
                    "column": 6
                }
            },
            "107": {
                "start": {
                    "line": 289,
                    "column": 4
                },
                "end": {
                    "line": 292,
                    "column": 6
                }
            },
            "108": {
                "start": {
                    "line": 293,
                    "column": 4
                },
                "end": {
                    "line": 296,
                    "column": 6
                }
            },
            "109": {
                "start": {
                    "line": 297,
                    "column": 4
                },
                "end": {
                    "line": 305,
                    "column": 6
                }
            },
            "110": {
                "start": {
                    "line": 307,
                    "column": 4
                },
                "end": {
                    "line": 310,
                    "column": 6
                }
            },
            "111": {
                "start": {
                    "line": 311,
                    "column": 4
                },
                "end": {
                    "line": 311,
                    "column": 28
                }
            }
        },
        "branchMap": {
            "1": {
                "line": 11,
                "type": "if",
                "locations": [
                    {
                        "start": {
                            "line": 11,
                            "column": 4
                        },
                        "end": {
                            "line": 11,
                            "column": 4
                        },
                        "skip": true
                    },
                    {
                        "start": {
                            "line": 11,
                            "column": 4
                        },
                        "end": {
                            "line": 11,
                            "column": 4
                        },
                        "skip": true
                    }
                ]
            },
            "2": {
                "line": 30,
                "type": "binary-expr",
                "locations": [
                    {
                        "start": {
                            "line": 30,
                            "column": 8
                        },
                        "end": {
                            "line": 30,
                            "column": 55
                        },
                        "skip": true
                    },
                    {
                        "start": {
                            "line": 31,
                            "column": 11
                        },
                        "end": {
                            "line": 31,
                            "column": 31
                        },
                        "skip": true
                    },
                    {
                        "start": {
                            "line": 32,
                            "column": 11
                        },
                        "end": {
                            "line": 32,
                            "column": 61
                        },
                        "skip": true
                    }
                ]
            },
            "3": {
                "line": 36,
                "type": "binary-expr",
                "locations": [
                    {
                        "start": {
                            "line": 36,
                            "column": 8
                        },
                        "end": {
                            "line": 36,
                            "column": 23
                        },
                        "skip": true
                    },
                    {
                        "start": {
                            "line": 36,
                            "column": 27
                        },
                        "end": {
                            "line": 36,
                            "column": 73
                        },
                        "skip": true
                    }
                ]
            },
            "4": {
                "line": 49,
                "type": "if",
                "locations": [
                    {
                        "start": {
                            "line": 49,
                            "column": 12
                        },
                        "end": {
                            "line": 49,
                            "column": 12
                        },
                        "skip": true
                    },
                    {
                        "start": {
                            "line": 49,
                            "column": 12
                        },
                        "end": {
                            "line": 49,
                            "column": 12
                        },
                        "skip": true
                    }
                ]
            },
            "5": {
                "line": 49,
                "type": "binary-expr",
                "locations": [
                    {
                        "start": {
                            "line": 49,
                            "column": 16
                        },
                        "end": {
                            "line": 49,
                            "column": 39
                        },
                        "skip": true
                    },
                    {
                        "start": {
                            "line": 49,
                            "column": 43
                        },
                        "end": {
                            "line": 49,
                            "column": 47
                        },
                        "skip": true
                    }
                ]
            },
            "6": {
                "line": 53,
                "type": "if",
                "locations": [
                    {
                        "start": {
                            "line": 53,
                            "column": 12
                        },
                        "end": {
                            "line": 53,
                            "column": 12
                        },
                        "skip": true
                    },
                    {
                        "start": {
                            "line": 53,
                            "column": 12
                        },
                        "end": {
                            "line": 53,
                            "column": 12
                        },
                        "skip": true
                    }
                ]
            },
            "7": {
                "line": 65,
                "type": "if",
                "locations": [
                    {
                        "start": {
                            "line": 65,
                            "column": 8
                        },
                        "end": {
                            "line": 65,
                            "column": 8
                        },
                        "skip": true
                    },
                    {
                        "start": {
                            "line": 65,
                            "column": 8
                        },
                        "end": {
                            "line": 65,
                            "column": 8
                        },
                        "skip": true
                    }
                ]
            },
            "8": {
                "line": 73,
                "type": "if",
                "locations": [
                    {
                        "start": {
                            "line": 73,
                            "column": 8
                        },
                        "end": {
                            "line": 73,
                            "column": 8
                        },
                        "skip": true
                    },
                    {
                        "start": {
                            "line": 73,
                            "column": 8
                        },
                        "end": {
                            "line": 73,
                            "column": 8
                        },
                        "skip": true
                    }
                ]
            },
            "9": {
                "line": 77,
                "type": "cond-expr",
                "locations": [
                    {
                        "start": {
                            "line": 83,
                            "column": 14
                        },
                        "end": {
                            "line": 83,
                            "column": 17
                        },
                        "skip": true
                    },
                    {
                        "start": {
                            "line": 84,
                            "column": 14
                        },
                        "end": {
                            "line": 90,
                            "column": 13
                        },
                        "skip": true
                    }
                ]
            },
            "10": {
                "line": 78,
                "type": "binary-expr",
                "locations": [
                    {
                        "start": {
                            "line": 78,
                            "column": 16
                        },
                        "end": {
                            "line": 78,
                            "column": 19
                        },
                        "skip": true
                    },
                    {
                        "start": {
                            "line": 79,
                            "column": 19
                        },
                        "end": {
                            "line": 79,
                            "column": 50
                        },
                        "skip": true
                    },
                    {
                        "start": {
                            "line": 80,
                            "column": 19
                        },
                        "end": {
                            "line": 80,
                            "column": 48
                        },
                        "skip": true
                    }
                ]
            },
            "11": {
                "line": 85,
                "type": "cond-expr",
                "locations": [
                    {
                        "start": {
                            "line": 87,
                            "column": 18
                        },
                        "end": {
                            "line": 87,
                            "column": 21
                        },
                        "skip": true
                    },
                    {
                        "start": {
                            "line": 89,
                            "column": 18
                        },
                        "end": {
                            "line": 89,
                            "column": 51
                        },
                        "skip": true
                    }
                ]
            },
            "12": {
                "line": 102,
                "type": "if",
                "locations": [
                    {
                        "start": {
                            "line": 102,
                            "column": 12
                        },
                        "end": {
                            "line": 102,
                            "column": 12
                        },
                        "skip": true
                    },
                    {
                        "start": {
                            "line": 102,
                            "column": 12
                        },
                        "end": {
                            "line": 102,
                            "column": 12
                        },
                        "skip": true
                    }
                ]
            },
            "13": {
                "line": 102,
                "type": "binary-expr",
                "locations": [
                    {
                        "start": {
                            "line": 102,
                            "column": 16
                        },
                        "end": {
                            "line": 102,
                            "column": 33
                        },
                        "skip": true
                    },
                    {
                        "start": {
                            "line": 102,
                            "column": 37
                        },
                        "end": {
                            "line": 102,
                            "column": 49
                        },
                        "skip": true
                    },
                    {
                        "start": {
                            "line": 102,
                            "column": 53
                        },
                        "end": {
                            "line": 102,
                            "column": 63
                        },
                        "skip": true
                    }
                ]
            },
            "14": {
                "line": 133,
                "type": "if",
                "locations": [
                    {
                        "start": {
                            "line": 133,
                            "column": 16
                        },
                        "end": {
                            "line": 133,
                            "column": 16
                        },
                        "skip": true
                    },
                    {
                        "start": {
                            "line": 133,
                            "column": 16
                        },
                        "end": {
                            "line": 133,
                            "column": 16
                        },
                        "skip": true
                    }
                ]
            },
            "15": {
                "line": 133,
                "type": "binary-expr",
                "locations": [
                    {
                        "start": {
                            "line": 133,
                            "column": 20
                        },
                        "end": {
                            "line": 133,
                            "column": 36
                        },
                        "skip": true
                    },
                    {
                        "start": {
                            "line": 133,
                            "column": 40
                        },
                        "end": {
                            "line": 133,
                            "column": 51
                        },
                        "skip": true
                    },
                    {
                        "start": {
                            "line": 133,
                            "column": 55
                        },
                        "end": {
                            "line": 133,
                            "column": 64
                        },
                        "skip": true
                    }
                ]
            },
            "16": {
                "line": 137,
                "type": "if",
                "locations": [
                    {
                        "start": {
                            "line": 137,
                            "column": 16
                        },
                        "end": {
                            "line": 137,
                            "column": 16
                        },
                        "skip": true
                    },
                    {
                        "start": {
                            "line": 137,
                            "column": 16
                        },
                        "end": {
                            "line": 137,
                            "column": 16
                        },
                        "skip": true
                    }
                ]
            },
            "17": {
                "line": 138,
                "type": "binary-expr",
                "locations": [
                    {
                        "start": {
                            "line": 138,
                            "column": 20
                        },
                        "end": {
                            "line": 138,
                            "column": 31
                        },
                        "skip": true
                    },
                    {
                        "start": {
                            "line": 139,
                            "column": 23
                        },
                        "end": {
                            "line": 139,
                            "column": 45
                        },
                        "skip": true
                    },
                    {
                        "start": {
                            "line": 139,
                            "column": 49
                        },
                        "end": {
                            "line": 139,
                            "column": 51
                        },
                        "skip": true
                    },
                    {
                        "start": {
                            "line": 139,
                            "column": 55
                        },
                        "end": {
                            "line": 139,
                            "column": 73
                        },
                        "skip": true
                    },
                    {
                        "start": {
                            "line": 140,
                            "column": 23
                        },
                        "end": {
                            "line": 140,
                            "column": 45
                        },
                        "skip": true
                    },
                    {
                        "start": {
                            "line": 140,
                            "column": 49
                        },
                        "end": {
                            "line": 140,
                            "column": 51
                        },
                        "skip": true
                    },
                    {
                        "start": {
                            "line": 140,
                            "column": 55
                        },
                        "end": {
                            "line": 140,
                            "column": 73
                        },
                        "skip": true
                    }
                ]
            },
            "18": {
                "line": 153,
                "type": "if",
                "locations": [
                    {
                        "start": {
                            "line": 153,
                            "column": 8
                        },
                        "end": {
                            "line": 153,
                            "column": 8
                        },
                        "skip": true
                    },
                    {
                        "start": {
                            "line": 153,
                            "column": 8
                        },
                        "end": {
                            "line": 153,
                            "column": 8
                        },
                        "skip": true
                    }
                ]
            },
            "19": {
                "line": 158,
                "type": "if",
                "locations": [
                    {
                        "start": {
                            "line": 158,
                            "column": 4
                        },
                        "end": {
                            "line": 158,
                            "column": 4
                        },
                        "skip": true
                    },
                    {
                        "start": {
                            "line": 158,
                            "column": 4
                        },
                        "end": {
                            "line": 158,
                            "column": 4
                        },
                        "skip": true
                    }
                ]
            },
            "20": {
                "line": 159,
                "type": "binary-expr",
                "locations": [
                    {
                        "start": {
                            "line": 159,
                            "column": 8
                        },
                        "end": {
                            "line": 159,
                            "column": 35
                        },
                        "skip": true
                    },
                    {
                        "start": {
                            "line": 159,
                            "column": 39
                        },
                        "end": {
                            "line": 159,
                            "column": 46
                        },
                        "skip": true
                    },
                    {
                        "start": {
                            "line": 160,
                            "column": 11
                        },
                        "end": {
                            "line": 160,
                            "column": 43
                        },
                        "skip": true
                    },
                    {
                        "start": {
                            "line": 161,
                            "column": 11
                        },
                        "end": {
                            "line": 161,
                            "column": 51
                        },
                        "skip": true
                    }
                ]
            },
            "21": {
                "line": 181,
                "type": "binary-expr",
                "locations": [
                    {
                        "start": {
                            "line": 181,
                            "column": 8
                        },
                        "end": {
                            "line": 181,
                            "column": 27
                        },
                        "skip": true
                    },
                    {
                        "start": {
                            "line": 181,
                            "column": 31
                        },
                        "end": {
                            "line": 181,
                            "column": 50
                        },
                        "skip": true
                    }
                ]
            },
            "22": {
                "line": 197,
                "type": "if",
                "locations": [
                    {
                        "start": {
                            "line": 197,
                            "column": 4
                        },
                        "end": {
                            "line": 197,
                            "column": 4
                        }
                    },
                    {
                        "start": {
                            "line": 197,
                            "column": 4
                        },
                        "end": {
                            "line": 197,
                            "column": 4
                        }
                    }
                ]
            },
            "23": {
                "line": 279,
                "type": "if",
                "locations": [
                    {
                        "start": {
                            "line": 279,
                            "column": 4
                        },
                        "end": {
                            "line": 279,
                            "column": 4
                        }
                    },
                    {
                        "start": {
                            "line": 279,
                            "column": 4
                        },
                        "end": {
                            "line": 279,
                            "column": 4
                        }
                    }
                ]
            }
        },
        "code": [
            "/* istanbul instrument in package apidoc */",
            "// assets.utility2.header.js - start",
            "/* jslint utility2:true */",
            "/* istanbul ignore next */",
            "// run shared js-env code - init-local",
            "(function () {",
            "    \"use strict\";",
            "    let consoleError;",
            "    let local;",
            "    // init debugInline",
            "    if (!globalThis.debugInline) {",
            "        consoleError = console.error;",
            "        globalThis.debugInline = function (...argList) {",
            "        /*",
            "         * this function will both print <argList> to stderr",
            "         * and return <argList>[0]",
            "         */",
            "            consoleError(\"\\n\\ndebugInline\");",
            "            consoleError(...argList);",
            "            consoleError(\"\\n\");",
            "            return argList[0];",
            "        };",
            "    }",
            "    // init local",
            "    local = {};",
            "    local.local = local;",
            "    globalThis.globalLocal = local;",
            "    // init isBrowser",
            "    local.isBrowser = (",
            "        typeof globalThis.XMLHttpRequest === \"function\"",
            "        && globalThis.navigator",
            "        && typeof globalThis.navigator.userAgent === \"string\"",
            "    );",
            "    // init isWebWorker",
            "    local.isWebWorker = (",
            "        local.isBrowser && typeof globalThis.importScripts === \"function\"",
            "    );",
            "    // init function",
            "    local.assertJsonEqual = function (aa, bb) {",
            "    /*",
            "     * this function will assert JSON.stringify(<aa>) === JSON.stringify(<bb>)",
            "     */",
            "        let objectDeepCopyWithKeysSorted;",
            "        objectDeepCopyWithKeysSorted = function (obj) {",
            "        /*",
            "         * this function will recursively deep-copy <obj> with keys sorted",
            "         */",
            "            let sorted;",
            "            if (typeof obj !== \"object\" || !obj) {",
            "                return obj;",
            "            }",
            "            // recursively deep-copy list with child-keys sorted",
            "            if (Array.isArray(obj)) {",
            "                return obj.map(objectDeepCopyWithKeysSorted);",
            "            }",
            "            // recursively deep-copy obj with keys sorted",
            "            sorted = {};",
            "            Object.keys(obj).sort().forEach(function (key) {",
            "                sorted[key] = objectDeepCopyWithKeysSorted(obj[key]);",
            "            });",
            "            return sorted;",
            "        };",
            "        aa = JSON.stringify(objectDeepCopyWithKeysSorted(aa));",
            "        bb = JSON.stringify(objectDeepCopyWithKeysSorted(bb));",
            "        if (aa !== bb) {",
            "            throw new Error(JSON.stringify(aa) + \" !== \" + JSON.stringify(bb));",
            "        }",
            "    };",
            "    local.assertOrThrow = function (passed, msg) {",
            "    /*",
            "     * this function will throw <msg> if <passed> is falsy",
            "     */",
            "        if (passed) {",
            "            return;",
            "        }",
            "        throw (",
            "            (",
            "                msg",
            "                && typeof msg.message === \"string\"",
            "                && typeof msg.stack === \"string\"",
            "            )",
            "            // if msg is err, then leave as is",
            "            ? msg",
            "            : new Error(",
            "                typeof msg === \"string\"",
            "                // if msg is string, then leave as is",
            "                ? msg",
            "                // else JSON.stringify(msg)",
            "                : JSON.stringify(msg, undefined, 4)",
            "            )",
            "        );",
            "    };",
            "    local.coalesce = function (...argList) {",
            "    /*",
            "     * this function will coalesce null, undefined, or \"\" in <argList>",
            "     */",
            "        let arg;",
            "        let ii;",
            "        ii = 0;",
            "        while (ii < argList.length) {",
            "            arg = argList[ii];",
            "            if (arg !== undefined && arg !== null && arg !== \"\") {",
            "                return arg;",
            "            }",
            "            ii += 1;",
            "        }",
            "        return arg;",
            "    };",
            "    local.identity = function (val) {",
            "    /*",
            "     * this function will return <val>",
            "     */",
            "        return val;",
            "    };",
            "    local.nop = function () {",
            "    /*",
            "     * this function will do nothing",
            "     */",
            "        return;",
            "    };",
            "    local.objectAssignDefault = function (tgt = {}, src = {}, depth = 0) {",
            "    /*",
            "     * this function will if items from <tgt> are null, undefined, or \"\",",
            "     * then overwrite them with items from <src>",
            "     */",
            "        let recurse;",
            "        recurse = function (tgt, src, depth) {",
            "            Object.entries(src).forEach(function ([",
            "                key, bb",
            "            ]) {",
            "                let aa;",
            "                aa = tgt[key];",
            "                if (aa === undefined || aa === null || aa === \"\") {",
            "                    tgt[key] = bb;",
            "                    return;",
            "                }",
            "                if (",
            "                    depth !== 0",
            "                    && typeof aa === \"object\" && aa && !Array.isArray(aa)",
            "                    && typeof bb === \"object\" && bb && !Array.isArray(bb)",
            "                ) {",
            "                    recurse(aa, bb, depth - 1);",
            "                }",
            "            });",
            "        };",
            "        recurse(tgt, src, depth | 0);",
            "        return tgt;",
            "    };",
            "    local.onErrorThrow = function (err) {",
            "    /*",
            "     * this function will throw <err> if exists",
            "     */",
            "        if (err) {",
            "            throw err;",
            "        }",
            "    };",
            "    // bug-workaround - throw unhandledRejections in node-process",
            "    if (",
            "        typeof process === \"object\" && process",
            "        && typeof process.on === \"function\"",
            "        && process.unhandledRejections !== \"strict\"",
            "    ) {",
            "        process.unhandledRejections = \"strict\";",
            "        process.on(\"unhandledRejection\", function (err) {",
            "            throw err;",
            "        });",
            "    }",
            "}());",
            "// assets.utility2.header.js - end",
            "",
            "",
            "/* jslint utility2:true */",
            "(function (local) {",
            "\"use strict\";",
            "",
            "",
            "/* istanbul ignore next */",
            "// run shared js-env code - init-before",
            "(function () {",
            "// init local",
            "local = globalThis.utility2 || require(\"utility2\");",
            "local = local.requireReadme();",
            "globalThis.local = local;",
            "// init test",
            "local.testRunDefault(local);",
            "}());",
            "",
            "",
            "// run shared js-env code - function",
            "(function () {",
            "let assertJsonEqual;",
            "assertJsonEqual = local.assertJsonEqual;",
            "local.testCase_apidocCreate_default = function (options, onError) {",
            "/*",
            " * this function will test apidocCreate's default handling-behavior-behavior",
            " */",
            "    if (local.isBrowser) {",
            "        onError(null, options);",
            "        return;",
            "    }",
            "    options = {",
            "        // test invalid-exampleFile handling-behavior",
            "        exampleFileList: [",
            "            \"undefined\"",
            "        ],",
            "        libFileList: [",
            "            // test invalid-libFile handling-behavior",
            "            \"lib.undefined.js\"",
            "        ],",
            "        moduleDict: {",
            "            // test invalid-module-name handling-behavior",
            "            \"invalid name\": {}",
            "        },",
            "        // test packageJson handling-behavior",
            "        packageJson: {",
            "            _: \"\",",
            "            aa: \"bb\",",
            "            emailDict: {",
            "                email: \"a@a.com\"",
            "            },",
            "            emailList: [",
            "                {",
            "                    email: \"a@a.com\"",
            "                }",
            "            ],",
            "            readme: \"\"",
            "        }",
            "    };",
            "    // test weird-module handling-behavior",
            "    options.moduleDict.undefined = function () {",
            "        return;",
            "    };",
            "    options.moduleDict.undefined();",
            "    // https://developer.mozilla.org/en-US/docs/Web/JavaScript/Guide/",
            "    // Working_with_Objects#Defining_getters_and_setters",
            "    Object.defineProperty(options.moduleDict.undefined, \"error\", {",
            "        get: local.throwError,",
            "        set: local.throwError",
            "    });",
            "    options.moduleDict.undefined.toString = local.throwError;",
            "    local.apidocCreate(options);",
            "    // validate options",
            "    assertJsonEqual(options.packageJson._, undefined);",
            "    assertJsonEqual(options.packageJson.aa, \"bb\");",
            "    assertJsonEqual(options.packageJson.emailDict.email, undefined);",
            "    assertJsonEqual(options.packageJson.emailList[0].email, undefined);",
            "    assertJsonEqual(options.packageJson.readme, undefined);",
            "    // test swgg.apiDict handling-behavior",
            "    options = {",
            "        moduleDict: {",
            "            undefined: {",
            "                swgg: {",
            "                    apiDict: {",
            "                        \"aa bb\": {}",
            "                    }",
            "                }",
            "            }",
            "        },",
            "        packageJson: {}",
            "    };",
            "    local.apidocCreate(options);",
            "    // test modeNoApidoc handling-behavior",
            "    options = {",
            "        modeNoApidoc: true",
            "    };",
            "    local.apidocCreate(options);",
            "    // test invalid-require handling-behavior",
            "    options = {",
            "        require: local.nop",
            "    };",
            "    local.apidocCreate(options);",
[...]
            "            styleBar.background = styleBar0.background;\\n\\",
            "            // reset ajaxProgress if it reaches end\\n\\",
            "            if ((styleBar.width.slice(0, -1) | 0) > 95) {\\n\\",
            "                width = 0;\\n\\",
            "            }\\n\\",
            "            // this algorithm will indefinitely increment ajaxProgress\\n\\",
            "            // with successively smaller increments without reaching 100%\\n\\",
            "            width += 1;\\n\\",
            "            styleBar.width = Math.max(\\n\\",
            "                100 - 75 * Math.exp(-0.125 * width),\\n\\",
            "                styleBar.width.slice(0, -1) | 0\\n\\",
            "            ) + \"%\";\\n\\",
            "            // show ajaxProgressModal\\n\\",
            "            styleModal.height = \"100%\";\\n\\",
            "            styleModal.opacity = styleModal0.opacity;\\n\\",
            "            if (!opt.cnt) {\\n\\",
            "                setTimeout(opt, 0, gotoState, onError);\\n\\",
            "            }\\n\\",
            "            break;\\n\\",
            "        // ajaxProgress - 100%\\n\\",
            "        case 3:\\n\\",
            "            width = -1;\\n\\",
            "            styleBar.width = \"100%\";\\n\\",
            "            setTimeout(opt, 1000, gotoState, onError);\\n\\",
            "            break;\\n\\",
            "        // ajaxProgress - hide\\n\\",
            "        case 4:\\n\\",
            "            // debug timeElapsed\\n\\",
            "            tmp = Date.now();\\n\\",
            "            console.error(\\n\\",
            "                \"domOnEventAjaxProgressUpdate - timeElapsed - \"\\n\\",
            "                + (tmp - timeStart)\\n\\",
            "                + \" ms\"\\n\\",
            "            );\\n\\",
            "            // cleanup timerInterval and timerTimeout\\n\\",
            "            timeStart = tmp;\\n\\",
            "            clearInterval(timerInterval);\\n\\",
            "            timerInterval = undefined;\\n\\",
            "            clearTimeout(timerTimeout);\\n\\",
            "            timerTimeout = undefined;\\n\\",
            "            // hide ajaxProgressBar\\n\\",
            "            styleBar.background = \"transparent\";\\n\\",
            "            // hide ajaxProgressModal\\n\\",
            "            styleModal.opacity = \"0\";\\n\\",
            "            if (onError) {\\n\\",
            "                onError();\\n\\",
            "            }\\n\\",
            "            setTimeout(opt, 250, gotoState);\\n\\",
            "            break;\\n\\",
            "        // ajaxProgress - reset\\n\\",
            "        default:\\n\\",
            "            opt.cnt = 0;\\n\\",
            "            width = 0;\\n\\",
            "            styleBar.width = \"0%\";\\n\\",
            "            styleModal.height = \"0\";\\n\\",
            "        }\\n\\",
            "    };\\n\\",
            "    opt = window.domOnEventAjaxProgressUpdate;\\n\\",
            "    opt.end = function (onError) {\\n\\",
            "        opt.cnt = 0;\\n\\",
            "        window.domOnEventAjaxProgressUpdate(2, onError);\\n\\",
            "    };\\n\\",
            "    // init styleBar\\n\\",
            "    styleBar = document.getElementById(\"domElementAjaxProgressBar1\").style;\\n\\",
            "    styleBar0 = Object.assign({}, styleBar);\\n\\",
            "    Object.entries({\\n\\",
            "        background: \"#d00\",\\n\\",
            "        height: \"2px\",\\n\\",
            "        left: \"0\",\\n\\",
            "        margin: \"0\",\\n\\",
            "        padding: \"0\",\\n\\",
            "        position: \"fixed\",\\n\\",
            "        top: \"0\",\\n\\",
            "        transition: \"background 250ms, width 750ms\",\\n\\",
            "        width: \"0%\",\\n\\",
            "        \"z-index\": \"1\"\\n\\",
            "    }).forEach(function (entry) {\\n\\",
            "        styleBar[entry[0]] = styleBar[entry[0]] || entry[1];\\n\\",
            "    });\\n\\",
            "    // init styleModal\\n\\",
            "    styleModal = document.getElementById(\"domElementAjaxProgressModal1\") || {};\\n\\",
            "    styleModal = styleModal.style || {};\\n\\",
            "    styleModal0 = Object.assign({}, styleModal);\\n\\",
            "    Object.entries({\\n\\",
            "        height: \"0\",\\n\\",
            "        left: \"0\",\\n\\",
            "        margin: \"0\",\\n\\",
            "        padding: \"0\",\\n\\",
            "        position: \"fixed\",\\n\\",
            "        top: \"0\",\\n\\",
            "        transition: \"opacity 125ms\",\\n\\",
            "        width: \"100%\",\\n\\",
            "        \"z-index\": \"1\"\\n\\",
            "    }).forEach(function (entry) {\\n\\",
            "        styleModal[entry[0]] = styleModal[entry[0]] || entry[1];\\n\\",
            "    });\\n\\",
            "    // init state\\n\\",
            "    width = 0;\\n\\",
            "    opt.cnt = 0;\\n\\",
            "    opt.timeout = 30000;\\n\\",
            "    // init ajaxProgress\\n\\",
            "    window.domOnEventAjaxProgressUpdate();\\n\\",
            "}());\\n\\",
            "\\n\\",
            "\\n\\",
            "// init domOnEventDelegateDict\\n\\",
            "(function () {\\n\\",
            "/*\\n\\",
            " * this function will handle delegated dom-evt\\n\\",
            " */\\n\\",
            "    \"use strict\";\\n\\",
            "    let debounce;\\n\\",
            "    let timerTimeout;\\n\\",
            "    debounce = function () {\\n\\",
            "        return setTimeout(function () {\\n\\",
            "            timerTimeout = undefined;\\n\\",
            "        }, 30);\\n\\",
            "    };\\n\\",
            "    if (!(\\n\\",
            "        typeof window === \"object\" && window && window.document\\n\\",
            "        && typeof document.addEventListener === \"function\"\\n\\",
            "    ) || window.domOnEventDelegateDict) {\\n\\",
            "        return;\\n\\",
            "    }\\n\\",
            "    window.domOnEventDelegateDict = {};\\n\\",
            "    window.domOnEventDelegateDict.domOnEventDelegate = function (evt) {\\n\\",
            "        evt.targetOnEvent = evt.target.closest(\"[data-onevent]\");\\n\\",
            "        if (\\n\\",
            "            !evt.targetOnEvent\\n\\",
            "            || evt.targetOnEvent.dataset.onevent === \"domOnEventNop\"\\n\\",
            "            || evt.target.closest(\".disabled,.readonly\")\\n\\",
            "        ) {\\n\\",
            "            return;\\n\\",
            "        }\\n\\",
            "        // filter evt-change\\n\\",
            "        switch (evt.type !== \"change\" && evt.target.type) {\\n\\",
            "        case \"checkbox\":\\n\\",
            "        case \"file\":\\n\\",
            "        case \"select-one\":\\n\\",
            "        case \"radio\":\\n\\",
            "            return;\\n\\",
            "        }\\n\\",
            "        // filter evt-keyup\\n\\",
            "        switch (evt.type) {\\n\\",
            "        case \"keyup\":\\n\\",
            "            if (!timerTimeout && (\\n\\",
            "                evt.target.tagName === \"INPUT\"\\n\\",
            "                || evt.target.tagName === \"TEXTAREA\"\\n\\",
            "            )) {\\n\\",
            "                timerTimeout = debounce();\\n\\",
            "                if (evt.target.dataset.valueOld !== evt.target.value) {\\n\\",
            "                    evt.target.dataset.valueOld = evt.target.value;\\n\\",
            "                    break;\\n\\",
            "                }\\n\\",
            "            }\\n\\",
            "            return;\\n\\",
            "        }\\n\\",
            "        switch (evt.targetOnEvent.tagName) {\\n\\",
            "        case \"BUTTON\":\\n\\",
            "        case \"FORM\":\\n\\",
            "            evt.preventDefault();\\n\\",
            "            break;\\n\\",
            "        }\\n\\",
            "        evt.stopPropagation();\\n\\",
            "        // handle domOnEventClickTarget\\n\\",
            "        if (evt.targetOnEvent.dataset.onevent === \"domOnEventClickTarget\") {\\n\\",
            "            document.querySelector(\\n\\",
            "                evt.targetOnEvent.dataset.clickTarget\\n\\",
            "            ).click();\\n\\",
            "            return;\\n\\",
            "        }\\n\\",
            "        window.domOnEventDelegateDict[evt.targetOnEvent.dataset.onevent](evt);\\n\\",
            "    };\\n\\",
            "    // handle evt\\n\\",
            "    [\\n\\",
            "        \"change\",\\n\\",
            "        \"click\",\\n\\",
            "        \"keyup\",\\n\\",
            "        \"submit\"\\n\\",
            "    ].forEach(function (eventType) {\\n\\",
            "        document.addEventListener(\\n\\",
            "            eventType,\\n\\",
            "            window.domOnEventDelegateDict.domOnEventDelegate\\n\\",
            "        );\\n\\",
            "    });\\n\\",
            "}());\\n\\",
            "\\n\\",
            "\\n\\",
            "// init domOnEventSelectAllWithinPre\\n\\",
            "(function () {\\n\\",
            "/*\\n\\",
            " * this function will limit select-all within <pre tabIndex=\"0\"> elem\\n\\",
            " * https://stackoverflow.com/questions/985272/selecting-text-in-an-element-akin-to-highlighting-with-your-mouse\\n\\",
            " */\\n\\",
            "    \"use strict\";\\n\\",
            "    if (!(\\n\\",
            "        typeof window === \"object\" && window && window.document\\n\\",
            "        && typeof document.addEventListener === \"function\"\\n\\",
            "    ) || window.domOnEventSelectAllWithinPre) {\\n\\",
            "        return;\\n\\",
            "    }\\n\\",
            "    window.domOnEventSelectAllWithinPre = function (evt) {\\n\\",
            "        let range;\\n\\",
            "        let selection;\\n\\",
            "        if (\\n\\",
            "            evt && (evt.ctrlKey || evt.metaKey) && evt.key === \"a\"\\n\\",
            "            && evt.target.closest(\"pre\")\\n\\",
            "        ) {\\n\\",
            "            range = document.createRange();\\n\\",
            "            range.selectNodeContents(evt.target.closest(\"pre\"));\\n\\",
            "            selection = window.getSelection();\\n\\",
            "            selection.removeAllRanges();\\n\\",
            "            selection.addRange(range);\\n\\",
            "            evt.preventDefault();\\n\\",
            "        }\\n\\",
            "    };\\n\\",
            "    // handle evt\\n\\",
            "    document.addEventListener(\\n\\",
            "        \"keydown\",\\n\\",
            "        window.domOnEventSelectAllWithinPre\\n\\",
            "    );\\n\\",
            "}());\\n\\",
            "</script>\\n\\",
            "<h1>\\n\\",
            "<!-- utility2-comment\\n\\",
            "<a\\n\\",
            "    {{#if env.npm_package_homepage}}\\n\\",
            "    href=\"{{env.npm_package_homepage}}\"\\n\\",
            "    {{/if env.npm_package_homepage}}\\n\\",
            "    target=\"_blank\"\\n\\",
            ">\\n\\",
            "utility2-comment -->\\n\\",
            "    {{env.npm_package_name}} ({{env.npm_package_version}})\\n\\",
            "<!-- utility2-comment\\n\\",
            "</a>\\n\\",
            "utility2-comment -->\\n\\",
            "</h1>\\n\\",
            "<h3>{{env.npm_package_description}}</h3>\\n\\",
            "<!-- utility2-comment\\n\\",
            "<a class=\"button\" download href=\"assets.app.js\">download standalone app</a><br>\\n\\",
            "<button class=\"button\" data-onevent=\"testRunBrowser\" id=\"buttonTestRun1\">run browser-tests</button><br>\\n\\",
            "<div class=\"uiAnimateSlide\" id=\"htmlTestReport1\" style=\"border-bottom: 0; border-top: 0; margin-bottom: 0; margin-top: 0; max-height: 0; padding-bottom: 0; padding-top: 0;\"></div>\\n\\",
            "utility2-comment -->\\n\\",
            "\\n\\",
            "\\n\\",
            "<!-- custom-html-start -->\\n\\",
            "<label>stderr and stdout</label>\\n\\",
            "<textarea class=\"onevent-reset-output readonly textarea\" id=\"outputStdout1\" readonly></textarea>\\n\\",
            "<!-- custom-html-end -->\\n\\",
            "\\n\\",
            "\\n\\",
            "<!-- utility2-comment\\n\\",
            "{{#if isRollup}}\\n\\",
            "<script src=\"assets.app.js\"></script>\\n\\",
            "{{#unless isRollup}}\\n\\",
            "<script src=\"assets.utility2.rollup.js\"></script>\\n\\",
            "<script>window.utility2_onReadyBefore.cnt += 1;</script>\\n\\",
            "<script src=\"utility2.state.init.js\"></script>\\n\\",
            "utility2-comment -->\\n\\",
            "<script src=\"assets.apidoc.js\"></script>\\n\\",
            "<script src=\"assets.example.js\"></script>\\n\\",
            "<script src=\"assets.test.js\"></script>\\n\\",
            "<script>\\n\\",
            "if (window.utility2_onReadyBefore) {\\n\\",
            "    window.utility2_onReadyBefore();\\n\\",
            "}\\n\\",
            "</script>\\n\\",
            "<!-- utility2-comment\\n\\",
            "{{/if isRollup}}\\n\\",
            "utility2-comment -->\\n\\",
            "<div style=\"text-align: center;\">\\n\\",
            "    [\\n\\",
            "    this app was created with\\n\\",
            "    <a\\n\\",
            "        href=\"https://github.com/kaizhu256/node-utility2\" target=\"_blank\"\\n\\",
            "    >utility2</a>\\n\\",
            "    ]\\n\\",
            "</div>\\n\\",
            "</body>\\n\\",
            "</html>\\n\\",
            "';",
            "/* jslint ignore:end */",
            "local.assetsDict[\"/assets.apidoc.js\"] = (",
            "    local.assetsDict[\"/assets.apidoc.js\"]",
            "    || require(\"fs\").readFileSync(",
            "        require(\"path\").resolve(local.__dirname + \"/lib.apidoc.js\"),",
            "        \"utf8\"",
            "    ).replace((",
            "        /^#!\\//",
            "    ), \"// \")",
            ");",
            "/* validateLineSortedReset */",
            "local.assetsDict[\"/\"] = local.assetsDict[",
            "    \"/assets.index.template.html\"",
            "].replace((",
            "    /\\{\\{env\\.(\\w+?)\\}\\}/g",
            "), function (match0, match1) {",
            "    switch (match1) {",
            "    case \"npm_package_description\":",
            "        return \"the greatest app in the world!\";",
            "    case \"npm_package_name\":",
            "        return \"apidoc-lite\";",
            "    case \"npm_package_nameLib\":",
            "        return \"apidoc\";",
            "    case \"npm_package_version\":",
            "        return \"0.0.1\";",
            "    default:",
            "        return match0;",
            "    }",
            "});",
            "local.assetsDict[\"/assets.example.html\"] = local.assetsDict[\"/\"];",
            "// init cli",
            "if (module !== require.main || globalThis.utility2_rollup) {",
            "    return;",
            "}",
            "local.assetsDict[\"/assets.example.js\"] = (",
            "    local.assetsDict[\"/assets.example.js\"]",
            "    || require(\"fs\").readFileSync(__filename, \"utf8\")",
            ");",
            "local.assetsDict[\"/favicon.ico\"] = local.assetsDict[\"/favicon.ico\"] || \"\";",
            "local.assetsDict[\"/index.html\"] = local.assetsDict[\"/\"];",
            "// if $npm_config_timeout_exit exists,",
            "// then exit this process after $npm_config_timeout_exit ms",
            "if (Number(process.env.npm_config_timeout_exit)) {",
            "    setTimeout(process.exit, Number(process.env.npm_config_timeout_exit));",
            "}",
            "// start server",
            "if (globalThis.utility2_serverHttp1) {",
            "    return;",
            "}",
            "process.env.PORT = process.env.PORT || \"8081\";",
            "console.error(\"http-server listening on port \" + process.env.PORT);",
            "require(\"http\").createServer(function (req, res) {",
            "    let data;",
            "    data = local.assetsDict[require(\"url\").parse(req.url).pathname];",
            "    if (data !== undefined) {",
            "        res.end(data);",
            "        return;",
            "    }",
            "    res.statusCode = 404;",
            "    res.end();",
            "}).listen(process.env.PORT);",
            "}());",
            "}());",
            ""
        ],
        "l": {
            "21": 2,
            "23": 2,
            "24": 2,
            "26": 2,
            "27": 1,
            "28": 1,
            "33": 1,
            "34": 1,
            "35": 1,
            "36": 1,
            "40": 2,
            "41": 2,
            "42": 2,
            "44": 2,
            "50": 2,
            "54": 2,
            "58": 1,
            "59": 1,
            "63": 1,
            "64": 1,
            "65": 1,
            "68": 1,
            "69": 1,
            "72": 1,
            "73": 1,
            "74": 1,
            "76": 1,
            "78": 1,
            "79": 1,
            "80": 1,
            "81": 1,
            "84": 2,
            "88": 1,
            "89": 1,
            "91": 1,
            "108": 2,
            "112": 1,
            "113": 1,
            "114": 1,
            "115": 1,
            "116": 1,
            "117": 1,
            "118": 1,
            "120": 1,
            "122": 1,
            "124": 2,
            "128": 1,
            "130": 2,
            "134": 1,
            "136": 2,
            "141": 1,
            "142": 1,
            "143": 1,
            "146": 1,
            "147": 1,
            "148": 1,
            "149": 1,
            "150": 1,
            "152": 1,
            "157": 1,
            "161": 1,
            "162": 1,
            "164": 2,
            "168": 1,
            "169": 1,
            "173": 2,
            "178": 1,
            "179": 1,
            "180": 1,
            "188": 2,
            "193": 2,
            "195": 2,
            "201": 2,
            "207": 2,
            "208": 2,
            "209": 1,
            "212": 1,
            "213": 2,
            "214": 2,
            "215": 2,
            "216": 2,
            "217": 1,
            "219": 2,
            "220": 2,
            "221": 3,
            "223": 3,
            "224": 3,
            "233": 3,
            "236": 1,
            "237": 1,
            "243": 2,
            "244": 2,
            "245": 1,
            "248": 1,
            "250": 1,
            "252": 1,
            "718": 1,
            "728": 1,
            "733": 6,
            "735": 1,
            "737": 2,
            "739": 1,
            "741": 2,
            "743": 1,
            "746": 1,
            "748": 1,
            "749": 1,
            "751": 1,
            "755": 1,
            "756": 1,
            "759": 1,
            "760": 1,
            "763": 1,
            "764": 1,
            "766": 1,
            "767": 1,
            "768": 1,
            "769": 1,
            "770": 1,
            "771": 1,
            "772": 1,
            "773": 1,
            "775": 1,
            "776": 1
        }
    }
}