------------------|---------|---------|---------|---------|
File              | % Stmts | % Brchs | % Funcs | % Lines |
------------------|---------|---------|---------|---------|
All files         |   98.97 |   98.82 |   97.69 |   98.97 |
node-apidoc-lite/ |   98.97 |   98.82 |   97.69 |   98.97 |
  example.js      |     100 |     100 |     100 |     100 |
  lib.apidoc.js   |   98.42 |   98.21 |   96.55 |   98.42 |
  test.js         |     100 |     100 |     100 |     100 |
------------------|---------|---------|---------|---------|
