------------------|---------|---------|---------|---------|
File              | % Stmts | % Brchs | % Funcs | % Lines |
------------------|---------|---------|---------|---------|
All files         |   98.95 |    98.8 |   97.64 |   98.95 |
node-apidoc-lite/ |   98.95 |    98.8 |   97.64 |   98.95 |
  example.js      |     100 |     100 |     100 |     100 |
  lib.apidoc.js   |   98.41 |   98.19 |   96.51 |   98.41 |
  test.js         |     100 |     100 |     100 |     100 |
------------------|---------|---------|---------|---------|
